<?xml version="1.0" encoding="UTF-8"?>
<!-- Generated by org.testng.reporters.JUnitReportReporter -->
<testsuite skipped="0" hostname="LAPTOP-02EF66VJ" name="testScripts.ProductStore" tests="7" failures="0" timestamp="2023-03-14T18:44:00 IST" time="27.849" errors="0">
  <testcase name="signInPage" time="2.449" classname="testScripts.ProductStore"/>
  <system-out/>
  <testcase name="addToCart" time="5.735" classname="testScripts.ProductStore"/>
  <system-out/>
  <testcase name="addToCart" time="4.494" classname="testScripts.ProductStore"/>
  <system-out/>
  <testcase name="addToCart" time="4.071" classname="testScripts.ProductStore"/>
  <system-out/>
  <testcase name="addToCart" time="4.114" classname="testScripts.ProductStore"/>
  <system-out/>
  <testcase name="deleteItemcart" time="5.288" classname="testScripts.ProductStore"/>
  <system-out/>
  <testcase name="placeOrder" time="1.698" classname="testScripts.ProductStore"/>
  <system-out/>
</testsuite> <!-- testScripts.ProductStore -->
