<?xml version="1.0" encoding="UTF-8"?>
<!-- Generated by org.testng.reporters.JUnitReportReporter -->
<testsuite skipped="0" hostname="LAPTOP-02EF66VJ" name="testScripts.ProductStore" tests="7" failures="0" timestamp="2023-03-14T19:53:29 IST" time="32.233" errors="0">
  <testcase name="signInPage" time="3.316" classname="testScripts.ProductStore"/>
  <system-out/>
  <testcase name="addToCart" time="4.627" classname="testScripts.ProductStore"/>
  <system-out/>
  <testcase name="addToCart" time="5.621" classname="testScripts.ProductStore"/>
  <system-out/>
  <testcase name="addToCart" time="5.850" classname="testScripts.ProductStore"/>
  <system-out/>
  <testcase name="addToCart" time="3.845" classname="testScripts.ProductStore"/>
  <system-out/>
  <testcase name="deleteItemcart" time="5.208" classname="testScripts.ProductStore"/>
  <system-out/>
  <testcase name="placeOrder" time="3.766" classname="testScripts.ProductStore"/>
  <system-out/>
</testsuite> <!-- testScripts.ProductStore -->
