<?xml version="1.0" encoding="UTF-8"?>
<!-- Generated by org.testng.reporters.JUnitReportReporter -->
<testsuite skipped="0" hostname="LAPTOP-02EF66VJ" name="testScripts.ProductStore" tests="7" failures="0" timestamp="2023-03-13T14:18:18 IST" time="50.779" errors="0">
  <testcase name="signInPage" time="4.084" classname="testScripts.ProductStore"/>
  <system-out/>
  <testcase name="addToCart" time="10.276" classname="testScripts.ProductStore"/>
  <system-out/>
  <testcase name="addToCart" time="9.649" classname="testScripts.ProductStore"/>
  <system-out/>
  <testcase name="addToCart" time="7.761" classname="testScripts.ProductStore"/>
  <system-out/>
  <testcase name="addToCart" time="12.773" classname="testScripts.ProductStore"/>
  <system-out/>
  <testcase name="deleteItemcart" time="3.190" classname="testScripts.ProductStore"/>
  <system-out/>
  <testcase name="placeOrder" time="3.046" classname="testScripts.ProductStore"/>
  <system-out/>
</testsuite> <!-- testScripts.ProductStore -->
