<?xml version="1.0" encoding="UTF-8"?>
<!-- Generated by org.testng.reporters.JUnitReportReporter -->
<testsuite skipped="0" hostname="LAPTOP-02EF66VJ" name="testScripts.ProductStore" tests="7" failures="0" timestamp="2023-03-14T19:40:49 IST" time="33.673" errors="0">
  <testcase name="signInPage" time="4.562" classname="testScripts.ProductStore"/>
  <system-out/>
  <testcase name="addToCart" time="4.587" classname="testScripts.ProductStore"/>
  <system-out/>
  <testcase name="addToCart" time="3.779" classname="testScripts.ProductStore"/>
  <system-out/>
  <testcase name="addToCart" time="5.489" classname="testScripts.ProductStore"/>
  <system-out/>
  <testcase name="addToCart" time="3.693" classname="testScripts.ProductStore"/>
  <system-out/>
  <testcase name="deleteItemcart" time="5.156" classname="testScripts.ProductStore"/>
  <system-out/>
  <testcase name="placeOrder" time="6.407" classname="testScripts.ProductStore"/>
  <system-out/>
</testsuite> <!-- testScripts.ProductStore -->
