<?xml version="1.0" encoding="UTF-8"?>
<!-- Generated by org.testng.reporters.JUnitReportReporter -->
<testsuite skipped="0" hostname="LAPTOP-02EF66VJ" name="testScripts.ProductStore" tests="7" failures="0" timestamp="2023-03-14T19:14:28 IST" time="28.204" errors="0">
  <testcase name="signInPage" time="2.265" classname="testScripts.ProductStore"/>
  <system-out/>
  <testcase name="addToCart" time="4.294" classname="testScripts.ProductStore"/>
  <system-out/>
  <testcase name="addToCart" time="4.032" classname="testScripts.ProductStore"/>
  <system-out/>
  <testcase name="addToCart" time="3.673" classname="testScripts.ProductStore"/>
  <system-out/>
  <testcase name="addToCart" time="5.323" classname="testScripts.ProductStore"/>
  <system-out/>
  <testcase name="deleteItemcart" time="5.160" classname="testScripts.ProductStore"/>
  <system-out/>
  <testcase name="placeOrder" time="3.457" classname="testScripts.ProductStore"/>
  <system-out/>
</testsuite> <!-- testScripts.ProductStore -->
