<?xml version="1.0" encoding="UTF-8"?>
<!-- Generated by org.testng.reporters.JUnitReportReporter -->
<testsuite skipped="0" hostname="LAPTOP-02EF66VJ" name="testScripts.ProductStore" tests="7" failures="0" timestamp="2023-03-14T18:55:14 IST" time="31.825" errors="0">
  <testcase name="signInPage" time="2.691" classname="testScripts.ProductStore"/>
  <system-out/>
  <testcase name="addToCart" time="4.483" classname="testScripts.ProductStore"/>
  <system-out/>
  <testcase name="addToCart" time="6.240" classname="testScripts.ProductStore"/>
  <system-out/>
  <testcase name="addToCart" time="5.515" classname="testScripts.ProductStore"/>
  <system-out/>
  <testcase name="addToCart" time="4.818" classname="testScripts.ProductStore"/>
  <system-out/>
  <testcase name="deleteItemcart" time="5.554" classname="testScripts.ProductStore"/>
  <system-out/>
  <testcase name="placeOrder" time="2.524" classname="testScripts.ProductStore"/>
  <system-out/>
</testsuite> <!-- testScripts.ProductStore -->
