<?xml version="1.0" encoding="UTF-8"?>
<!-- Generated by org.testng.reporters.JUnitReportReporter -->
<testsuite skipped="0" hostname="LAPTOP-02EF66VJ" name="testScripts.ProductStore" tests="7" failures="0" timestamp="2023-03-14T19:18:45 IST" time="28.565" errors="0">
  <testcase name="signInPage" time="2.155" classname="testScripts.ProductStore"/>
  <system-out/>
  <testcase name="addToCart" time="5.690" classname="testScripts.ProductStore"/>
  <system-out/>
  <testcase name="addToCart" time="3.426" classname="testScripts.ProductStore"/>
  <system-out/>
  <testcase name="addToCart" time="3.879" classname="testScripts.ProductStore"/>
  <system-out/>
  <testcase name="addToCart" time="4.694" classname="testScripts.ProductStore"/>
  <system-out/>
  <testcase name="deleteItemcart" time="5.155" classname="testScripts.ProductStore"/>
  <system-out/>
  <testcase name="placeOrder" time="3.566" classname="testScripts.ProductStore"/>
  <system-out/>
</testsuite> <!-- testScripts.ProductStore -->
