<?xml version="1.0" encoding="UTF-8"?>
<!-- Generated by org.testng.reporters.JUnitReportReporter -->
<testsuite skipped="0" hostname="LAPTOP-02EF66VJ" name="testScripts.ProductStore" tests="7" failures="0" timestamp="2023-03-14T14:41:35 IST" time="39.567" errors="0">
  <testcase name="signInPage" time="2.821" classname="testScripts.ProductStore"/>
  <system-out/>
  <testcase name="addToCart" time="9.460" classname="testScripts.ProductStore"/>
  <system-out/>
  <testcase name="addToCart" time="6.694" classname="testScripts.ProductStore"/>
  <system-out/>
  <testcase name="addToCart" time="7.263" classname="testScripts.ProductStore"/>
  <system-out/>
  <testcase name="addToCart" time="7.182" classname="testScripts.ProductStore"/>
  <system-out/>
  <testcase name="deleteItemcart" time="3.277" classname="testScripts.ProductStore"/>
  <system-out/>
  <testcase name="placeOrder" time="2.870" classname="testScripts.ProductStore"/>
  <system-out/>
</testsuite> <!-- testScripts.ProductStore -->
