<?xml version="1.0" encoding="UTF-8"?>
<!-- Generated by org.testng.reporters.JUnitReportReporter -->
<testsuite skipped="0" hostname="LAPTOP-02EF66VJ" name="testScripts.ProductStore" tests="7" failures="0" timestamp="2023-03-14T11:43:01 IST" time="46.160" errors="0">
  <testcase name="signInPage" time="3.732" classname="testScripts.ProductStore"/>
  <system-out/>
  <testcase name="addToCart" time="5.929" classname="testScripts.ProductStore"/>
  <system-out/>
  <testcase name="addToCart" time="9.713" classname="testScripts.ProductStore"/>
  <system-out/>
  <testcase name="addToCart" time="11.648" classname="testScripts.ProductStore"/>
  <system-out/>
  <testcase name="addToCart" time="9.595" classname="testScripts.ProductStore"/>
  <system-out/>
  <testcase name="deleteItemcart" time="3.217" classname="testScripts.ProductStore"/>
  <system-out/>
  <testcase name="placeOrder" time="2.326" classname="testScripts.ProductStore"/>
  <system-out/>
</testsuite> <!-- testScripts.ProductStore -->
